		Initializing .... 

Total memory allocated = 5452148
		Begin Printing Seed information

Seed point: 2115 661 	Path 0 0 	User path -1 -1 -1

---------------------

Print path: 



[2115 661] 

		Begin Printing Seed information

Seed point: 2115 661 	Path 0 20 	User path 0 38 0

Seed point: 2102 668 	Path 21 21 	User path 58 58 58

---------------------

Print path: 



[2115 661] [2114 661] [2114 662] [2114 663] [2113 663] [2112 663] [2111 663] 
[2111 664] [2110 664] [2109 664] [2108 664] [2107 664] [2106 664] [2106 665] 
[2106 666] [2105 666] [2104 666] [2103 666] [2102 666] [2102 667] [2102 668] 
[2102 668] 

		Begin Printing Seed information

Seed point: 2115 661 	Path 0 20 	User path 0 38 0

Seed point: 2102 668 	Path 21 50 	User path 38 60 38

Seed point: 2087 685 	Path 51 51 	User path 80 80 80

---------------------

Print path: 



[2115 661] [2114 661] [2114 662] [2114 663] [2113 663] [2112 663] [2111 663] 
[2111 664] [2110 664] [2109 664] [2108 664] [2107 664] [2106 664] [2106 665] 
[2106 666] [2105 666] [2104 666] [2103 666] [2102 666] [2102 667] [2102 668] 
[2102 668] [2101 668] [2101 669] [2100 669] [2099 669] [2098 669] [2098 670] 
[2098 671] [2098 672] [2097 672] [2096 672] [2096 673] [2096 674] [2095 674] 
[2094 674] [2094 675] [2093 675] [2093 676] [2092 676] [2092 677] [2092 678] 
[2092 679] [2092 680] [2091 680] [2090 681] [2090 682] [2089 682] [2089 683] 
[2088 684] [2087 685] [2087 685] 

		Begin Printing Seed information

Seed point: 2115 661 	Path 0 20 	User path 0 38 0

Seed point: 2102 668 	Path 21 50 	User path 38 60 38

Seed point: 2087 685 	Path 51 71 	User path 60 86 60

Seed point: 2076 695 	Path 72 72 	User path 106 106 106

---------------------

Print path: 



[2115 661] [2114 661] [2114 662] [2114 663] [2113 663] [2112 663] [2111 663] 
[2111 664] [2110 664] [2109 664] [2108 664] [2107 664] [2106 664] [2106 665] 
[2106 666] [2105 666] [2104 666] [2103 666] [2102 666] [2102 667] [2102 668] 
[2102 668] [2101 668] [2101 669] [2100 669] [2099 669] [2098 669] [2098 670] 
[2098 671] [2098 672] [2097 672] [2096 672] [2096 673] [2096 674] [2095 674] 
[2094 674] [2094 675] [2093 675] [2093 676] [2092 676] [2092 677] [2092 678] 
[2092 679] [2092 680] [2091 680] [2090 681] [2090 682] [2089 682] [2089 683] 
[2088 684] [2087 685] [2087 685] [2086 685] [2086 686] [2085 686] [2084 687] 
[2084 688] [2083 688] [2082 688] [2082 689] [2082 690] [2081 690] [2080 690] 
[2079 690] [2078 690] [2078 691] [2078 692] [2077 692] [2077 693] [2076 693] 
[2076 694] [2076 695] [2076 695] 

		Begin Printing Seed information

Seed point: 2115 661 	Path 0 20 	User path 0 38 0

Seed point: 2102 668 	Path 21 50 	User path 38 60 38

Seed point: 2087 685 	Path 51 71 	User path 60 86 60

Seed point: 2076 695 	Path 72 93 	User path 86 114 86

Seed point: 2066 706 	Path 94 94 	User path 132 132 132

---------------------

Print path: 



[2115 661] [2114 661] [2114 662] [2114 663] [2113 663] [2112 663] [2111 663] 
[2111 664] [2110 664] [2109 664] [2108 664] [2107 664] [2106 664] [2106 665] 
[2106 666] [2105 666] [2104 666] [2103 666] [2102 666] [2102 667] [2102 668] 
[2102 668] [2101 668] [2101 669] [2100 669] [2099 669] [2098 669] [2098 670] 
[2098 671] [2098 672] [2097 672] [2096 672] [2096 673] [2096 674] [2095 674] 
[2094 674] [2094 675] [2093 675] [2093 676] [2092 676] [2092 677] [2092 678] 
[2092 679] [2092 680] [2091 680] [2090 681] [2090 682] [2089 682] [2089 683] 
[2088 684] [2087 685] [2087 685] [2086 685] [2086 686] [2085 686] [2084 687] 
[2084 688] [2083 688] [2082 688] [2082 689] [2082 690] [2081 690] [2080 690] 
[2079 690] [2078 690] [2078 691] [2078 692] [2077 692] [2077 693] [2076 693] 
[2076 694] [2076 695] [2076 695] [2075 695] [2074 695] [2074 696] [2074 697] 
[2074 698] [2073 698] [2072 698] [2071 698] [2070 698] [2070 699] [2070 700] 
[2069 700] [2069 701] [2068 701] [2068 702] [2068 703] [2067 703] [2066 703] 
[2066 704] [2066 705] [2066 706] [2066 706] 

		Begin Printing Seed information

Seed point: 2115 661 	Path 0 20 	User path 0 38 0

Seed point: 2102 668 	Path 21 50 	User path 38 60 38

Seed point: 2087 685 	Path 51 71 	User path 60 86 60

Seed point: 2076 695 	Path 72 93 	User path 86 114 86

Seed point: 2066 706 	Path 94 117 	User path 114 155 114

Seed point: 2055 718 	Path 118 118 	User path 155 155 155

---------------------

Print path: 



[2115 661] [2114 661] [2114 662] [2114 663] [2113 663] [2112 663] [2111 663] 
[2111 664] [2110 664] [2109 664] [2108 664] [2107 664] [2106 664] [2106 665] 
[2106 666] [2105 666] [2104 666] [2103 666] [2102 666] [2102 667] [2102 668] 
[2102 668] [2101 668] [2101 669] [2100 669] [2099 669] [2098 669] [2098 670] 
[2098 671] [2098 672] [2097 672] [2096 672] [2096 673] [2096 674] [2095 674] 
[2094 674] [2094 675] [2093 675] [2093 676] [2092 676] [2092 677] [2092 678] 
[2092 679] [2092 680] [2091 680] [2090 681] [2090 682] [2089 682] [2089 683] 
[2088 684] [2087 685] [2087 685] [2086 685] [2086 686] [2085 686] [2084 687] 
[2084 688] [2083 688] [2082 688] [2082 689] [2082 690] [2081 690] [2080 690] 
[2079 690] [2078 690] [2078 691] [2078 692] [2077 692] [2077 693] [2076 693] 
[2076 694] [2076 695] [2076 695] [2075 695] [2074 695] [2074 696] [2074 697] 
[2074 698] [2073 698] [2072 698] [2071 698] [2070 698] [2070 699] [2070 700] 
[2069 700] [2069 701] [2068 701] [2068 702] [2068 703] [2067 703] [2066 703] 
[2066 704] [2066 705] [2066 706] [2066 706] [2065 706] [2064 706] [2063 706] 
[2063 707] [2063 708] [2062 708] [2062 709] [2062 710] [2061 710] [2061 711] 
[2060 711] [2060 712] [2060 713] [2060 714] [2059 714] [2058 714] [2058 715] 
[2058 716] [2058 717] [2057 717] [2056 717] [2056 718] [2055 718] [2055 718] 

		Begin Printing Seed information

Seed point: 2115 661 	Path 0 20 	User path 0 38 0

Seed point: 2102 668 	Path 21 50 	User path 38 60 38

Seed point: 2087 685 	Path 51 71 	User path 60 86 60

Seed point: 2076 695 	Path 72 93 	User path 86 114 86

Seed point: 2066 706 	Path 94 117 	User path 114 155 114

Seed point: 2055 718 	Path 118 165 	User path 155 185 155

Seed point: 2095 730 	Path 166 166 	User path 185 185 185

---------------------

Print path: 



[2115 661] [2114 661] [2114 662] [2114 663] [2113 663] [2112 663] [2111 663] 
[2111 664] [2110 664] [2109 664] [2108 664] [2107 664] [2106 664] [2106 665] 
[2106 666] [2105 666] [2104 666] [2103 666] [2102 666] [2102 667] [2102 668] 
[2102 668] [2101 668] [2101 669] [2100 669] [2099 669] [2098 669] [2098 670] 
[2098 671] [2098 672] [2097 672] [2096 672] [2096 673] [2096 674] [2095 674] 
[2094 674] [2094 675] [2093 675] [2093 676] [2092 676] [2092 677] [2092 678] 
[2092 679] [2092 680] [2091 680] [2090 681] [2090 682] [2089 682] [2089 683] 
[2088 684] [2087 685] [2087 685] [2086 685] [2086 686] [2085 686] [2084 687] 
[2084 688] [2083 688] [2082 688] [2082 689] [2082 690] [2081 690] [2080 690] 
[2079 690] [2078 690] [2078 691] [2078 692] [2077 692] [2077 693] [2076 693] 
[2076 694] [2076 695] [2076 695] [2075 695] [2074 695] [2074 696] [2074 697] 
[2074 698] [2073 698] [2072 698] [2071 698] [2070 698] [2070 699] [2070 700] 
[2069 700] [2069 701] [2068 701] [2068 702] [2068 703] [2067 703] [2066 703] 
[2066 704] [2066 705] [2066 706] [2066 706] [2065 706] [2064 706] [2063 706] 
[2063 707] [2063 708] [2062 708] [2062 709] [2062 710] [2061 710] [2061 711] 
[2060 711] [2060 712] [2060 713] [2060 714] [2059 714] [2058 714] [2058 715] 
[2058 716] [2058 717] [2057 717] [2056 717] [2056 718] [2055 718] [2055 718] 
[2056 718] [2056 717] [2057 717] [2058 717] [2058 718] [2058 719] [2058 720] 
[2059 721] [2060 722] [2061 722] [2062 723] [2063 724] [2064 725] [2065 726] 
[2066 727] [2066 728] [2066 729] [2066 730] [2067 730] [2068 730] [2069 730] 
[2070 730] [2071 730] [2072 730] [2073 730] [2074 730] [2075 730] [2076 730] 
[2077 730] [2078 730] [2079 730] [2080 730] [2081 730] [2082 730] [2083 730] 
[2084 730] [2085 730] [2086 730] [2087 730] [2088 730] [2089 730] [2090 730] 
[2091 730] [2092 730] [2093 730] [2094 730] [2095 730] [2095 730] 

		Begin Printing Seed information

Seed point: 2115 661 	Path 0 20 	User path 0 38 0

Seed point: 2102 668 	Path 21 50 	User path 38 60 38

Seed point: 2087 685 	Path 51 71 	User path 60 86 60

Seed point: 2076 695 	Path 72 93 	User path 86 114 86

Seed point: 2066 706 	Path 94 117 	User path 114 155 114

Seed point: 2055 718 	Path 118 165 	User path 155 185 155

Seed point: 2095 730 	Path 166 183 	User path 185 200 185

Seed point: 2112 728 	Path 184 184 	User path 200 200 200

---------------------

Print path: 



[2115 661] [2114 661] [2114 662] [2114 663] [2113 663] [2112 663] [2111 663] 
[2111 664] [2110 664] [2109 664] [2108 664] [2107 664] [2106 664] [2106 665] 
[2106 666] [2105 666] [2104 666] [2103 666] [2102 666] [2102 667] [2102 668] 
[2102 668] [2101 668] [2101 669] [2100 669] [2099 669] [2098 669] [2098 670] 
[2098 671] [2098 672] [2097 672] [2096 672] [2096 673] [2096 674] [2095 674] 
[2094 674] [2094 675] [2093 675] [2093 676] [2092 676] [2092 677] [2092 678] 
[2092 679] [2092 680] [2091 680] [2090 681] [2090 682] [2089 682] [2089 683] 
[2088 684] [2087 685] [2087 685] [2086 685] [2086 686] [2085 686] [2084 687] 
[2084 688] [2083 688] [2082 688] [2082 689] [2082 690] [2081 690] [2080 690] 
[2079 690] [2078 690] [2078 691] [2078 692] [2077 692] [2077 693] [2076 693] 
[2076 694] [2076 695] [2076 695] [2075 695] [2074 695] [2074 696] [2074 697] 
[2074 698] [2073 698] [2072 698] [2071 698] [2070 698] [2070 699] [2070 700] 
[2069 700] [2069 701] [2068 701] [2068 702] [2068 703] [2067 703] [2066 703] 
[2066 704] [2066 705] [2066 706] [2066 706] [2065 706] [2064 706] [2063 706] 
[2063 707] [2063 708] [2062 708] [2062 709] [2062 710] [2061 710] [2061 711] 
[2060 711] [2060 712] [2060 713] [2060 714] [2059 714] [2058 714] [2058 715] 
[2058 716] [2058 717] [2057 717] [2056 717] [2056 718] [2055 718] [2055 718] 
[2056 718] [2056 717] [2057 717] [2058 717] [2058 718] [2058 719] [2058 720] 
[2059 721] [2060 722] [2061 722] [2062 723] [2063 724] [2064 725] [2065 726] 
[2066 727] [2066 728] [2066 729] [2066 730] [2067 730] [2068 730] [2069 730] 
[2070 730] [2071 730] [2072 730] [2073 730] [2074 730] [2075 730] [2076 730] 
[2077 730] [2078 730] [2079 730] [2080 730] [2081 730] [2082 730] [2083 730] 
[2084 730] [2085 730] [2086 730] [2087 730] [2088 730] [2089 730] [2090 730] 
[2091 730] [2092 730] [2093 730] [2094 730] [2095 730] [2095 730] [2096 730] 
[2097 730] [2098 729] [2099 729] [2100 729] [2101 729] [2102 729] [2103 729] 
[2104 729] [2105 729] [2106 729] [2107 729] [2108 729] [2109 729] [2110 729] 
[2111 729] [2112 728] [2112 728] 

		Begin Printing Seed information

Seed point: 2115 661 	Path 0 20 	User path 0 38 0

Seed point: 2102 668 	Path 21 50 	User path 38 60 38

Seed point: 2087 685 	Path 51 71 	User path 60 86 60

Seed point: 2076 695 	Path 72 93 	User path 86 114 86

Seed point: 2066 706 	Path 94 117 	User path 114 155 114

Seed point: 2055 718 	Path 118 165 	User path 155 185 155

Seed point: 2095 730 	Path 166 183 	User path 185 200 185

Seed point: 2112 728 	Path 184 210 	User path 200 206 200

Seed point: 2130 707 	Path 211 211 	User path 226 226 226

---------------------

Print path: 



[2115 661] [2114 661] [2114 662] [2114 663] [2113 663] [2112 663] [2111 663] 
[2111 664] [2110 664] [2109 664] [2108 664] [2107 664] [2106 664] [2106 665] 
[2106 666] [2105 666] [2104 666] [2103 666] [2102 666] [2102 667] [2102 668] 
[2102 668] [2101 668] [2101 669] [2100 669] [2099 669] [2098 669] [2098 670] 
[2098 671] [2098 672] [2097 672] [2096 672] [2096 673] [2096 674] [2095 674] 
[2094 674] [2094 675] [2093 675] [2093 676] [2092 676] [2092 677] [2092 678] 
[2092 679] [2092 680] [2091 680] [2090 681] [2090 682] [2089 682] [2089 683] 
[2088 684] [2087 685] [2087 685] [2086 685] [2086 686] [2085 686] [2084 687] 
[2084 688] [2083 688] [2082 688] [2082 689] [2082 690] [2081 690] [2080 690] 
[2079 690] [2078 690] [2078 691] [2078 692] [2077 692] [2077 693] [2076 693] 
[2076 694] [2076 695] [2076 695] [2075 695] [2074 695] [2074 696] [2074 697] 
[2074 698] [2073 698] [2072 698] [2071 698] [2070 698] [2070 699] [2070 700] 
[2069 700] [2069 701] [2068 701] [2068 702] [2068 703] [2067 703] [2066 703] 
[2066 704] [2066 705] [2066 706] [2066 706] [2065 706] [2064 706] [2063 706] 
[2063 707] [2063 708] [2062 708] [2062 709] [2062 710] [2061 710] [2061 711] 
[2060 711] [2060 712] [2060 713] [2060 714] [2059 714] [2058 714] [2058 715] 
[2058 716] [2058 717] [2057 717] [2056 717] [2056 718] [2055 718] [2055 718] 
[2056 718] [2056 717] [2057 717] [2058 717] [2058 718] [2058 719] [2058 720] 
[2059 721] [2060 722] [2061 722] [2062 723] [2063 724] [2064 725] [2065 726] 
[2066 727] [2066 728] [2066 729] [2066 730] [2067 730] [2068 730] [2069 730] 
[2070 730] [2071 730] [2072 730] [2073 730] [2074 730] [2075 730] [2076 730] 
[2077 730] [2078 730] [2079 730] [2080 730] [2081 730] [2082 730] [2083 730] 
[2084 730] [2085 730] [2086 730] [2087 730] [2088 730] [2089 730] [2090 730] 
[2091 730] [2092 730] [2093 730] [2094 730] [2095 730] [2095 730] [2096 730] 
[2097 730] [2098 729] [2099 729] [2100 729] [2101 729] [2102 729] [2103 729] 
[2104 729] [2105 729] [2106 729] [2107 729] [2108 729] [2109 729] [2110 729] 
[2111 729] [2112 728] [2112 728] [2112 727] [2112 726] [2113 725] [2114 724] 
[2114 723] [2114 722] [2115 722] [2116 722] [2117 722] [2118 722] [2119 721] 
[2120 720] [2121 719] [2122 718] [2122 717] [2122 716] [2122 715] [2123 714] 
[2124 713] [2125 712] [2126 711] [2127 710] [2128 709] [2129 708] [2130 708] 
[2130 707] [2130 707] 

		Begin Printing Seed information

Seed point: 2115 661 	Path 0 20 	User path 0 38 0

Seed point: 2102 668 	Path 21 50 	User path 38 60 38

Seed point: 2087 685 	Path 51 71 	User path 60 86 60

Seed point: 2076 695 	Path 72 93 	User path 86 114 86

Seed point: 2066 706 	Path 94 117 	User path 114 155 114

Seed point: 2055 718 	Path 118 165 	User path 155 185 155

Seed point: 2095 730 	Path 166 183 	User path 185 200 185

Seed point: 2112 728 	Path 184 210 	User path 200 206 200

Seed point: 2130 707 	Path 211 236 	User path 206 245 206

Seed point: 2150 685 	Path 237 237 	User path 245 245 245

---------------------

Print path: 



[2115 661] [2114 661] [2114 662] [2114 663] [2113 663] [2112 663] [2111 663] 
[2111 664] [2110 664] [2109 664] [2108 664] [2107 664] [2106 664] [2106 665] 
[2106 666] [2105 666] [2104 666] [2103 666] [2102 666] [2102 667] [2102 668] 
[2102 668] [2101 668] [2101 669] [2100 669] [2099 669] [2098 669] [2098 670] 
[2098 671] [2098 672] [2097 672] [2096 672] [2096 673] [2096 674] [2095 674] 
[2094 674] [2094 675] [2093 675] [2093 676] [2092 676] [2092 677] [2092 678] 
[2092 679] [2092 680] [2091 680] [2090 681] [2090 682] [2089 682] [2089 683] 
[2088 684] [2087 685] [2087 685] [2086 685] [2086 686] [2085 686] [2084 687] 
[2084 688] [2083 688] [2082 688] [2082 689] [2082 690] [2081 690] [2080 690] 
[2079 690] [2078 690] [2078 691] [2078 692] [2077 692] [2077 693] [2076 693] 
[2076 694] [2076 695] [2076 695] [2075 695] [2074 695] [2074 696] [2074 697] 
[2074 698] [2073 698] [2072 698] [2071 698] [2070 698] [2070 699] [2070 700] 
[2069 700] [2069 701] [2068 701] [2068 702] [2068 703] [2067 703] [2066 703] 
[2066 704] [2066 705] [2066 706] [2066 706] [2065 706] [2064 706] [2063 706] 
[2063 707] [2063 708] [2062 708] [2062 709] [2062 710] [2061 710] [2061 711] 
[2060 711] [2060 712] [2060 713] [2060 714] [2059 714] [2058 714] [2058 715] 
[2058 716] [2058 717] [2057 717] [2056 717] [2056 718] [2055 718] [2055 718] 
[2056 718] [2056 717] [2057 717] [2058 717] [2058 718] [2058 719] [2058 720] 
[2059 721] [2060 722] [2061 722] [2062 723] [2063 724] [2064 725] [2065 726] 
[2066 727] [2066 728] [2066 729] [2066 730] [2067 730] [2068 730] [2069 730] 
[2070 730] [2071 730] [2072 730] [2073 730] [2074 730] [2075 730] [2076 730] 
[2077 730] [2078 730] [2079 730] [2080 730] [2081 730] [2082 730] [2083 730] 
[2084 730] [2085 730] [2086 730] [2087 730] [2088 730] [2089 730] [2090 730] 
[2091 730] [2092 730] [2093 730] [2094 730] [2095 730] [2095 730] [2096 730] 
[2097 730] [2098 729] [2099 729] [2100 729] [2101 729] [2102 729] [2103 729] 
[2104 729] [2105 729] [2106 729] [2107 729] [2108 729] [2109 729] [2110 729] 
[2111 729] [2112 728] [2112 728] [2112 727] [2112 726] [2113 725] [2114 724] 
[2114 723] [2114 722] [2115 722] [2116 722] [2117 722] [2118 722] [2119 721] 
[2120 720] [2121 719] [2122 718] [2122 717] [2122 716] [2122 715] [2123 714] 
[2124 713] [2125 712] [2126 711] [2127 710] [2128 709] [2129 708] [2130 708] 
[2130 707] [2130 707] [2130 706] [2131 706] [2132 706] [2133 705] [2133 704] 
[2133 703] [2134 702] [2134 701] [2134 700] [2135 699] [2136 698] [2137 697] 
[2138 696] [2139 695] [2140 694] [2141 693] [2142 692] [2143 691] [2144 690] 
[2145 690] [2146 689] [2147 688] [2148 687] [2149 686] [2150 685] [2150 685] 

		Begin Printing Seed information

Seed point: 2115 661 	Path 0 20 	User path 0 38 0

Seed point: 2102 668 	Path 21 50 	User path 38 60 38

Seed point: 2087 685 	Path 51 71 	User path 60 86 60

Seed point: 2076 695 	Path 72 93 	User path 86 114 86

Seed point: 2066 706 	Path 94 117 	User path 114 155 114

Seed point: 2055 718 	Path 118 165 	User path 155 185 155

Seed point: 2095 730 	Path 166 183 	User path 185 200 185

Seed point: 2112 728 	Path 184 210 	User path 200 206 200

Seed point: 2130 707 	Path 211 236 	User path 206 245 206

Seed point: 2150 685 	Path 237 258 	User path 245 313 245

Seed point: 2138 664 	Path 259 259 	User path 330 330 330

---------------------

Print path: 



[2115 661] [2114 661] [2114 662] [2114 663] [2113 663] [2112 663] [2111 663] 
[2111 664] [2110 664] [2109 664] [2108 664] [2107 664] [2106 664] [2106 665] 
[2106 666] [2105 666] [2104 666] [2103 666] [2102 666] [2102 667] [2102 668] 
[2102 668] [2101 668] [2101 669] [2100 669] [2099 669] [2098 669] [2098 670] 
[2098 671] [2098 672] [2097 672] [2096 672] [2096 673] [2096 674] [2095 674] 
[2094 674] [2094 675] [2093 675] [2093 676] [2092 676] [2092 677] [2092 678] 
[2092 679] [2092 680] [2091 680] [2090 681] [2090 682] [2089 682] [2089 683] 
[2088 684] [2087 685] [2087 685] [2086 685] [2086 686] [2085 686] [2084 687] 
[2084 688] [2083 688] [2082 688] [2082 689] [2082 690] [2081 690] [2080 690] 
[2079 690] [2078 690] [2078 691] [2078 692] [2077 692] [2077 693] [2076 693] 
[2076 694] [2076 695] [2076 695] [2075 695] [2074 695] [2074 696] [2074 697] 
[2074 698] [2073 698] [2072 698] [2071 698] [2070 698] [2070 699] [2070 700] 
[2069 700] [2069 701] [2068 701] [2068 702] [2068 703] [2067 703] [2066 703] 
[2066 704] [2066 705] [2066 706] [2066 706] [2065 706] [2064 706] [2063 706] 
[2063 707] [2063 708] [2062 708] [2062 709] [2062 710] [2061 710] [2061 711] 
[2060 711] [2060 712] [2060 713] [2060 714] [2059 714] [2058 714] [2058 715] 
[2058 716] [2058 717] [2057 717] [2056 717] [2056 718] [2055 718] [2055 718] 
[2056 718] [2056 717] [2057 717] [2058 717] [2058 718] [2058 719] [2058 720] 
[2059 721] [2060 722] [2061 722] [2062 723] [2063 724] [2064 725] [2065 726] 
[2066 727] [2066 728] [2066 729] [2066 730] [2067 730] [2068 730] [2069 730] 
[2070 730] [2071 730] [2072 730] [2073 730] [2074 730] [2075 730] [2076 730] 
[2077 730] [2078 730] [2079 730] [2080 730] [2081 730] [2082 730] [2083 730] 
[2084 730] [2085 730] [2086 730] [2087 730] [2088 730] [2089 730] [2090 730] 
[2091 730] [2092 730] [2093 730] [2094 730] [2095 730] [2095 730] [2096 730] 
[2097 730] [2098 729] [2099 729] [2100 729] [2101 729] [2102 729] [2103 729] 
[2104 729] [2105 729] [2106 729] [2107 729] [2108 729] [2109 729] [2110 729] 
[2111 729] [2112 728] [2112 728] [2112 727] [2112 726] [2113 725] [2114 724] 
[2114 723] [2114 722] [2115 722] [2116 722] [2117 722] [2118 722] [2119 721] 
[2120 720] [2121 719] [2122 718] [2122 717] [2122 716] [2122 715] [2123 714] 
[2124 713] [2125 712] [2126 711] [2127 710] [2128 709] [2129 708] [2130 708] 
[2130 707] [2130 707] [2130 706] [2131 706] [2132 706] [2133 705] [2133 704] 
[2133 703] [2134 702] [2134 701] [2134 700] [2135 699] [2136 698] [2137 697] 
[2138 696] [2139 695] [2140 694] [2141 693] [2142 692] [2143 691] [2144 690] 
[2145 690] [2146 689] [2147 688] [2148 687] [2149 686] [2150 685] [2150 685] 
[2150 684] [2150 683] [2150 682] [2150 681] [2149 680] [2149 679] [2148 678] 
[2147 677] [2146 676] [2146 675] [2145 674] [2144 673] [2143 672] [2142 671] 
[2141 670] [2141 669] [2141 668] [2140 667] [2139 666] [2138 665] [2138 664] 
[2138 664] 

		Begin Printing Seed information

Seed point: 2115 661 	Path 0 20 	User path 0 38 0

Seed point: 2102 668 	Path 21 50 	User path 38 60 38

Seed point: 2087 685 	Path 51 71 	User path 60 86 60

Seed point: 2076 695 	Path 72 93 	User path 86 114 86

Seed point: 2066 706 	Path 94 117 	User path 114 155 114

Seed point: 2055 718 	Path 118 165 	User path 155 185 155

Seed point: 2095 730 	Path 166 183 	User path 185 200 185

Seed point: 2112 728 	Path 184 210 	User path 200 206 200

Seed point: 2130 707 	Path 211 236 	User path 206 245 206

Seed point: 2150 685 	Path 237 258 	User path 245 313 245

Seed point: 2138 664 	Path 259 283 	User path 313 395 313

Seed point: 2121 657 	Path 284 284 	User path 415 415 415

---------------------

Print path: 



[2115 661] [2114 661] [2114 662] [2114 663] [2113 663] [2112 663] [2111 663] 
[2111 664] [2110 664] [2109 664] [2108 664] [2107 664] [2106 664] [2106 665] 
[2106 666] [2105 666] [2104 666] [2103 666] [2102 666] [2102 667] [2102 668] 
[2102 668] [2101 668] [2101 669] [2100 669] [2099 669] [2098 669] [2098 670] 
[2098 671] [2098 672] [2097 672] [2096 672] [2096 673] [2096 674] [2095 674] 
[2094 674] [2094 675] [2093 675] [2093 676] [2092 676] [2092 677] [2092 678] 
[2092 679] [2092 680] [2091 680] [2090 681] [2090 682] [2089 682] [2089 683] 
[2088 684] [2087 685] [2087 685] [2086 685] [2086 686] [2085 686] [2084 687] 
[2084 688] [2083 688] [2082 688] [2082 689] [2082 690] [2081 690] [2080 690] 
[2079 690] [2078 690] [2078 691] [2078 692] [2077 692] [2077 693] [2076 693] 
[2076 694] [2076 695] [2076 695] [2075 695] [2074 695] [2074 696] [2074 697] 
[2074 698] [2073 698] [2072 698] [2071 698] [2070 698] [2070 699] [2070 700] 
[2069 700] [2069 701] [2068 701] [2068 702] [2068 703] [2067 703] [2066 703] 
[2066 704] [2066 705] [2066 706] [2066 706] [2065 706] [2064 706] [2063 706] 
[2063 707] [2063 708] [2062 708] [2062 709] [2062 710] [2061 710] [2061 711] 
[2060 711] [2060 712] [2060 713] [2060 714] [2059 714] [2058 714] [2058 715] 
[2058 716] [2058 717] [2057 717] [2056 717] [2056 718] [2055 718] [2055 718] 
[2056 718] [2056 717] [2057 717] [2058 717] [2058 718] [2058 719] [2058 720] 
[2059 721] [2060 722] [2061 722] [2062 723] [2063 724] [2064 725] [2065 726] 
[2066 727] [2066 728] [2066 729] [2066 730] [2067 730] [2068 730] [2069 730] 
[2070 730] [2071 730] [2072 730] [2073 730] [2074 730] [2075 730] [2076 730] 
[2077 730] [2078 730] [2079 730] [2080 730] [2081 730] [2082 730] [2083 730] 
[2084 730] [2085 730] [2086 730] [2087 730] [2088 730] [2089 730] [2090 730] 
[2091 730] [2092 730] [2093 730] [2094 730] [2095 730] [2095 730] [2096 730] 
[2097 730] [2098 729] [2099 729] [2100 729] [2101 729] [2102 729] [2103 729] 
[2104 729] [2105 729] [2106 729] [2107 729] [2108 729] [2109 729] [2110 729] 
[2111 729] [2112 728] [2112 728] [2112 727] [2112 726] [2113 725] [2114 724] 
[2114 723] [2114 722] [2115 722] [2116 722] [2117 722] [2118 722] [2119 721] 
[2120 720] [2121 719] [2122 718] [2122 717] [2122 716] [2122 715] [2123 714] 
[2124 713] [2125 712] [2126 711] [2127 710] [2128 709] [2129 708] [2130 708] 
[2130 707] [2130 707] [2130 706] [2131 706] [2132 706] [2133 705] [2133 704] 
[2133 703] [2134 702] [2134 701] [2134 700] [2135 699] [2136 698] [2137 697] 
[2138 696] [2139 695] [2140 694] [2141 693] [2142 692] [2143 691] [2144 690] 
[2145 690] [2146 689] [2147 688] [2148 687] [2149 686] [2150 685] [2150 685] 
[2150 684] [2150 683] [2150 682] [2150 681] [2149 680] [2149 679] [2148 678] 
[2147 677] [2146 676] [2146 675] [2145 674] [2144 673] [2143 672] [2142 671] 
[2141 670] [2141 669] [2141 668] [2140 667] [2139 666] [2138 665] [2138 664] 
[2138 664] [2138 663] [2138 662] [2137 662] [2136 662] [2135 662] [2135 661] 
[2134 661] [2134 660] [2134 659] [2133 659] [2133 658] [2132 658] [2131 658] 
[2130 658] [2129 658] [2129 657] [2128 657] [2127 657] [2126 657] [2125 657] 
[2124 657] [2123 657] [2122 657] [2121 657] [2121 657] 

User path


[2115 661] [2113 662] [2113 662] [2113 662] [2112 662] [2112 662] [2112 662] 
[2111 662] [2111 663] [2111 663] [2110 663] [2110 664] [2110 664] [2109 665] 
[2109 665] [2109 665] [2108 665] [2108 665] [2108 665] [2108 665] [2107 665] 
[2107 665] [2107 665] [2107 665] [2106 665] [2106 665] [2106 665] [2106 665] 
[2106 665] [2105 666] [2105 666] [2105 666] [2105 666] [2104 666] [2104 667] 
[2103 667] [2103 667] [2102 668] [2102 668] [2102 668] [2101 668] [2100 669] 
[2099 669] [2099 670] [2098 670] [2098 671] [2098 671] [2098 672] [2097 673] 
[2097 673] [2096 674] [2096 674] [2095 675] [2094 676] [2093 679] [2092 681] 
[2091 682] [2090 684] [2089 685] [2088 686] [2087 685] [2087 687] [2087 687] 
[2087 688] [2087 689] [2086 689] [2086 689] [2085 690] [2085 690] [2084 690] 
[2084 691] [2084 691] [2083 691] [2082 692] [2081 692] [2080 692] [2080 693] 
[2079 693] [2079 694] [2078 694] [2078 694] [2078 695] [2077 695] [2077 695] 
[2077 695] [2076 695] [2076 695] [2076 696] [2075 697] [2075 697] [2074 697] 
[2074 697] [2073 697] [2073 698] [2072 698] [2072 698] [2072 699] [2072 699] 
[2071 699] [2071 699] [2071 699] [2071 700] [2071 701] [2070 701] [2070 702] 
[2070 702] [2069 703] [2068 704] [2068 705] [2067 705] [2067 705] [2067 706] 
[2067 706] [2066 706] [2066 706] [2066 707] [2066 707] [2066 707] [2065 708] 
[2065 709] [2064 709] [2064 710] [2063 710] [2063 711] [2062 712] [2062 712] 
[2062 713] [2061 713] [2061 714] [2061 714] [2061 714] [2060 714] [2060 714] 
[2060 715] [2059 715] [2059 715] [2059 715] [2059 715] [2059 715] [2058 716] 
[2058 716] [2058 716] [2057 716] [2057 717] [2057 717] [2057 717] [2057 717] 
[2056 717] [2056 717] [2056 717] [2056 717] [2056 717] [2056 718] [2056 718] 
[2055 718] [2055 718] [2055 718] [2056 719] [2056 720] [2057 721] [2058 722] 
[2059 723] [2060 724] [2062 725] [2065 726] [2066 727] [2067 728] [2068 729] 
[2069 729] [2070 729] [2071 730] [2072 730] [2073 730] [2073 730] [2073 730] 
[2074 731] [2074 731] [2074 731] [2075 731] [2076 731] [2079 731] [2083 731] 
[2088 731] [2093 731] [2098 730] [2095 730] [2095 730] [2097 730] [2100 730] 
[2103 730] [2106 730] [2108 730] [2109 729] [2110 729] [2110 729] [2111 729] 
[2111 729] [2111 729] [2111 729] [2112 728] [2112 728] [2114 724] [2118 721] 
[2122 716] [2126 712] [2131 707] [2130 707] [2135 703] [2136 699] [2138 695] 
[2140 693] [2141 692] [2142 692] [2142 692] [2142 692] [2142 692] [2142 692] 
[2143 692] [2143 692] [2144 692] [2145 692] [2145 691] [2146 691] [2146 691] 
[2146 691] [2147 691] [2147 691] [2147 691] [2147 691] [2148 690] [2148 690] 
[2148 689] [2149 689] [2149 689] [2149 689] [2149 688] [2149 688] [2149 688] 
[2149 688] [2149 688] [2149 687] [2149 687] [2149 687] [2150 687] [2150 687] 
[2150 685] [2150 685] [2149 684] [2149 684] [2149 684] [2149 684] [2149 683] 
[2149 683] [2148 682] [2148 682] [2148 681] [2147 681] [2147 680] [2147 680] 
[2146 679] [2146 679] [2146 679] [2146 679] [2146 678] [2146 678] [2146 677] 
[2146 677] [2145 676] [2145 676] [2145 675] [2145 675] [2145 675] [2145 675] 
[2145 674] [2145 674] [2145 674] [2145 674] [2145 674] [2144 673] [2144 673] 
[2144 672] [2144 672] [2144 672] [2144 672] [2144 671] [2143 671] [2143 670] 
[2143 670] [2143 670] [2143 670] [2142 669] [2142 669] [2142 668] [2141 668] 
[2141 668] [2141 668] [2141 668] [2141 667] [2140 667] [2140 667] [2140 667] 
[2140 667] [2140 667] [2139 666] [2139 666] [2139 666] [2139 665] [2139 665] 
[2139 665] [2139 664] [2139 664] [2139 664] [2138 664] [2138 664] [2138 664] 
[2138 664] [2138 664] [2138 664] [2137 663] [2137 663] [2137 663] [2137 663] 
[2137 663] [2137 663] [2137 663] [2137 663] [2137 662] [2136 662] [2136 662] 
[2136 662] [2136 662] [2136 662] [2135 662] [2135 662] [2135 662] [2135 662] 
[2135 662] [2135 661] [2135 661] [2134 661] [2134 660] [2134 660] [2134 660] 
[2134 660] [2134 659] [2134 659] [2133 659] [2133 659] [2133 659] [2133 658] 
[2133 658] [2132 658] [2132 658] [2132 658] [2132 658] [2132 658] [2132 658] 
[2131 658] [2131 658] [2131 658] [2131 658] [2130 657] [2130 657] [2130 657] 
[2130 657] [2129 657] [2129 657] [2129 657] [2128 657] [2128 657] [2128 657] 
[2128 657] [2127 656] [2127 656] [2127 656] [2126 656] [2126 656] [2126 656] 
[2125 656] [2125 655] [2125 655] [2125 655] [2125 655] [2124 655] [2124 655] 
[2124 655] [2123 655] [2123 655] [2123 655] [2122 655] [2122 655] [2121 655] 
[2121 655] [2120 655] [2120 656] [2121 657] [2120 656] [2119 656] [2119 656] 
[2118 656] [2118 656] [2117 657] [2117 657] [2117 657] [2117 657] [2117 657] 
[2116 658] [2116 658] [2116 658] [2116 658] [2116 658] [2116 658] [2115 659] 
[2115 659] [2115 659] [2115 659] [2115 659] [2115 660] [2115 660] [2115 660] 
[2115 660] [2115 660] [2115 661] [2115 661] [2114 661] 

		Begin Printing Seed information

Seed point: 2115 661 	Path 0 20 	User path 0 38 0

Seed point: 2102 668 	Path 21 50 	User path 38 60 38

Seed point: 2087 685 	Path 51 71 	User path 60 86 60

Seed point: 2076 695 	Path 72 93 	User path 86 114 86

Seed point: 2066 706 	Path 94 117 	User path 114 155 114

Seed point: 2055 718 	Path 118 165 	User path 155 185 155

Seed point: 2095 730 	Path 166 183 	User path 185 200 185

Seed point: 2112 728 	Path 184 210 	User path 200 206 200

Seed point: 2130 707 	Path 211 236 	User path 206 245 206

Seed point: 2150 685 	Path 237 258 	User path 245 313 245

Seed point: 2138 664 	Path 259 283 	User path 313 395 313

Seed point: 2121 657 	Path 284 295 	User path 395 425 395

Seed point: 2114 661 	Path 296 296 	User path 425 425 425

---------------------

Print path: 



[2115 661] [2114 661] [2114 662] [2114 663] [2113 663] [2112 663] [2111 663] 
[2111 664] [2110 664] [2109 664] [2108 664] [2107 664] [2106 664] [2106 665] 
[2106 666] [2105 666] [2104 666] [2103 666] [2102 666] [2102 667] [2102 668] 
[2102 668] [2101 668] [2101 669] [2100 669] [2099 669] [2098 669] [2098 670] 
[2098 671] [2098 672] [2097 672] [2096 672] [2096 673] [2096 674] [2095 674] 
[2094 674] [2094 675] [2093 675] [2093 676] [2092 676] [2092 677] [2092 678] 
[2092 679] [2092 680] [2091 680] [2090 681] [2090 682] [2089 682] [2089 683] 
[2088 684] [2087 685] [2087 685] [2086 685] [2086 686] [2085 686] [2084 687] 
[2084 688] [2083 688] [2082 688] [2082 689] [2082 690] [2081 690] [2080 690] 
[2079 690] [2078 690] [2078 691] [2078 692] [2077 692] [2077 693] [2076 693] 
[2076 694] [2076 695] [2076 695] [2075 695] [2074 695] [2074 696] [2074 697] 
[2074 698] [2073 698] [2072 698] [2071 698] [2070 698] [2070 699] [2070 700] 
[2069 700] [2069 701] [2068 701] [2068 702] [2068 703] [2067 703] [2066 703] 
[2066 704] [2066 705] [2066 706] [2066 706] [2065 706] [2064 706] [2063 706] 
[2063 707] [2063 708] [2062 708] [2062 709] [2062 710] [2061 710] [2061 711] 
[2060 711] [2060 712] [2060 713] [2060 714] [2059 714] [2058 714] [2058 715] 
[2058 716] [2058 717] [2057 717] [2056 717] [2056 718] [2055 718] [2055 718] 
[2056 718] [2056 717] [2057 717] [2058 717] [2058 718] [2058 719] [2058 720] 
[2059 721] [2060 722] [2061 722] [2062 723] [2063 724] [2064 725] [2065 726] 
[2066 727] [2066 728] [2066 729] [2066 730] [2067 730] [2068 730] [2069 730] 
[2070 730] [2071 730] [2072 730] [2073 730] [2074 730] [2075 730] [2076 730] 
[2077 730] [2078 730] [2079 730] [2080 730] [2081 730] [2082 730] [2083 730] 
[2084 730] [2085 730] [2086 730] [2087 730] [2088 730] [2089 730] [2090 730] 
[2091 730] [2092 730] [2093 730] [2094 730] [2095 730] [2095 730] [2096 730] 
[2097 730] [2098 729] [2099 729] [2100 729] [2101 729] [2102 729] [2103 729] 
[2104 729] [2105 729] [2106 729] [2107 729] [2108 729] [2109 729] [2110 729] 
[2111 729] [2112 728] [2112 728] [2112 727] [2112 726] [2113 725] [2114 724] 
[2114 723] [2114 722] [2115 722] [2116 722] [2117 722] [2118 722] [2119 721] 
[2120 720] [2121 719] [2122 718] [2122 717] [2122 716] [2122 715] [2123 714] 
[2124 713] [2125 712] [2126 711] [2127 710] [2128 709] [2129 708] [2130 708] 
[2130 707] [2130 707] [2130 706] [2131 706] [2132 706] [2133 705] [2133 704] 
[2133 703] [2134 702] [2134 701] [2134 700] [2135 699] [2136 698] [2137 697] 
[2138 696] [2139 695] [2140 694] [2141 693] [2142 692] [2143 691] [2144 690] 
[2145 690] [2146 689] [2147 688] [2148 687] [2149 686] [2150 685] [2150 685] 
[2150 684] [2150 683] [2150 682] [2150 681] [2149 680] [2149 679] [2148 678] 
[2147 677] [2146 676] [2146 675] [2145 674] [2144 673] [2143 672] [2142 671] 
[2141 670] [2141 669] [2141 668] [2140 667] [2139 666] [2138 665] [2138 664] 
[2138 664] [2138 663] [2138 662] [2137 662] [2136 662] [2135 662] [2135 661] 
[2134 661] [2134 660] [2134 659] [2133 659] [2133 658] [2132 658] [2131 658] 
[2130 658] [2129 658] [2129 657] [2128 657] [2127 657] [2126 657] [2125 657] 
[2124 657] [2123 657] [2122 657] [2121 657] [2121 657] [2121 658] [2120 658] 
[2119 658] [2118 658] [2117 658] [2116 658] [2116 659] [2116 660] [2115 660] 
[2114 660] [2114 661] [2114 661] 

